
> web@0.1.0 build
> next build

▲ Next.js 16.2.0 (Turbopack)

  Creating an optimized production build ...
✓ Compiled successfully in 2.1s
  Running TypeScript ...
  Finished TypeScript in 2.4s ...
  Collecting page data using 11 workers ...
  Generating static pages using 11 workers (0/13) ...
  Generating static pages using 11 workers (3/13) 
  Generating static pages using 11 workers (6/13) 
  Generating static pages using 11 workers (9/13) 
✓ Generating static pages using 11 workers (13/13) in 245ms
  Finalizing page optimization ...

Route (app)
┌ ○ /
├ ○ /_not-found
├ ƒ /api/auth
├ ƒ /api/dashboard
├ ƒ /api/mistakes
├ ƒ /api/session
├ ƒ /api/settings
├ ○ /arena
├ ○ /dashboard
├ ○ /settings
└ ○ /tricks


○  (Static)   prerendered as static content
ƒ  (Dynamic)  server-rendered on demand

